#
# There is insufficient memory for the Java Runtime Environment to continue.
# Native memory allocation (mmap) failed to map 65536 bytes for Failed to commit metaspace.
# Possible reasons:
#   The system is out of physical RAM or swap space
#   The process is running with CompressedOops enabled, and the Java Heap may be blocking the growth of the native heap
# Possible solutions:
#   Reduce memory load on the system
#   Increase physical memory or swap space
#   Check if swap backing store is full
#   Decrease Java heap size (-Xmx/-Xms)
#   Decrease number of Java threads
#   Decrease Java thread stack sizes (-Xss)
#   Set larger code cache with -XX:ReservedCodeCacheSize=
#   JVM is running with Unscaled Compressed Oops mode in which the Java heap is
#     placed in the first 4GB address space. The Java Heap base address is the
#     maximum limit for the native heap growth. Please use -XX:HeapBaseMinAddress
#     to set the Java Heap base and to place the Java Heap above 4GB virtual address.
# This output file may be truncated or incomplete.
#
#  Out of Memory Error (virtualSpaceNode.cpp:110), pid=3452, tid=4516
#
# JRE version: OpenJDK Runtime Environment Temurin-17.0.3+7 (17.0.3+7) (build 17.0.3+7)
# Java VM: OpenJDK 64-Bit Server VM Temurin-17.0.3+7 (17.0.3+7, mixed mode, tiered, compressed oops, compressed class ptrs, parallel gc, windows-amd64)
# No core dump will be written. Minidumps are not enabled by default on client versions of Windows
#

---------------  S U M M A R Y ------------

Command Line: --add-modules=ALL-SYSTEM --add-opens=java.base/java.util=ALL-UNNAMED --add-opens=java.base/java.lang=ALL-UNNAMED --add-opens=java.base/sun.nio.fs=ALL-UNNAMED -Declipse.application=org.eclipse.jdt.ls.core.id1 -Dosgi.bundles.defaultStartLevel=4 -Declipse.product=org.eclipse.jdt.ls.core.product -Djava.import.generatesMetadataFilesAtProjectRoot=false -Dfile.encoding=utf8 -DwatchParentProcess=false -XX:+UseParallelGC -XX:GCTimeRatio=4 -XX:AdaptiveSizePolicyWeight=90 -Dsun.zip.disableMemoryMapping=true -Xmx1G -Xms100m -javaagent:c:\Users\USUARIO\.vscode\extensions\redhat.java-1.9.0-win32-x64\lombok\lombok-1.18.24.jar c:\Users\USUARIO\.vscode\extensions\redhat.java-1.9.0-win32-x64\server\plugins\org.eclipse.equinox.launcher_1.6.400.v20210924-0641.jar -configuration c:\Users\USUARIO\AppData\Roaming\Code\User\globalStorage\redhat.java\1.9.0\config_ss_win -data c:\Users\USUARIO\AppData\Roaming\Code\User\workspaceStorage\07e7bec05c3792c544ec8319d8bb8f7f\redhat.java\ss_ws

Host: Intel(R) Celeron(R) CPU  J1800  @ 2.41GHz, 2 cores, 3G,  Windows 7 , 64 bit Build 7601 (6.1.7601.17514)
Time: Sat Jul 23 07:25:12 2022 Hora est. Pacífico, Sudamérica elapsed time: 18.393614 seconds (0d 0h 0m 18s)

---------------  T H R E A D  ---------------

Current thread (0x0000000059ff9170):  JavaThread "Start Level: Equinox Container: a6c5b69c-b01b-4f89-98ac-f8e56cab24ef" daemon [_thread_in_vm, id=4516, stack(0x000000005aed0000,0x000000005afd0000)]

Stack: [0x000000005aed0000,0x000000005afd0000]
Native frames: (J=compiled Java code, j=interpreted, Vv=VM code, C=native code)
V  [jvm.dll+0x675efa]
V  [jvm.dll+0x830a24]
V  [jvm.dll+0x8321ce]
V  [jvm.dll+0x832833]
V  [jvm.dll+0x2454b5]
V  [jvm.dll+0x82c9cb]
V  [jvm.dll+0x61ab26]
V  [jvm.dll+0x1c046e]
V  [jvm.dll+0x61d471]
V  [jvm.dll+0x61b4c6]
V  [jvm.dll+0x239a1f]
V  [jvm.dll+0x6252d5]
V  [jvm.dll+0x1ea19b]
V  [jvm.dll+0x1ea6d5]
V  [jvm.dll+0x1eb10f]
V  [jvm.dll+0x1e05b1]
V  [jvm.dll+0x53bb80]
V  [jvm.dll+0x7aba28]
V  [jvm.dll+0x7abb14]
V  [jvm.dll+0x40c7c5]
V  [jvm.dll+0x4129b8]
C  [java.dll+0x17ec]

Java frames: (J=compiled Java code, j=interpreted, Vv=VM code)
J 1046  java.lang.ClassLoader.defineClass1(Ljava/lang/ClassLoader;Ljava/lang/String;[BIILjava/security/ProtectionDomain;Ljava/lang/String;)Ljava/lang/Class; java.base@17.0.3 (0 bytes) @ 0x000000000cf3a6db [0x000000000cf3a620+0x00000000000000bb]
J 1615 c1 java.lang.ClassLoader.defineClass(Ljava/lang/String;[BIILjava/security/ProtectionDomain;)Ljava/lang/Class; java.base@17.0.3 (43 bytes) @ 0x0000000005c8be4c [0x0000000005c8bb00+0x000000000000034c]
J 1688 c1 org.eclipse.osgi.internal.loader.ModuleClassLoader.defineClass(Ljava/lang/String;[BLorg/eclipse/osgi/internal/loader/classpath/ClasspathEntry;)Lorg/eclipse/osgi/internal/loader/ModuleClassLoader$DefineClassResult; (138 bytes) @ 0x0000000005cc6a2c [0x0000000005cc67c0+0x000000000000026c]
J 1903 c1 org.eclipse.osgi.internal.loader.classpath.ClasspathManager.defineClass(Ljava/lang/String;[BLorg/eclipse/osgi/internal/loader/classpath/ClasspathEntry;Lorg/eclipse/osgi/storage/bundlefile/BundleEntry;Ljava/util/List;)Ljava/lang/Class; (636 bytes) @ 0x0000000005d4175c [0x0000000005d3fde0+0x000000000000197c]
J 1657 c1 org.eclipse.osgi.internal.loader.classpath.ClasspathManager.findClassImpl(Ljava/lang/String;Lorg/eclipse/osgi/internal/loader/classpath/ClasspathEntry;Ljava/util/List;)Ljava/lang/Class; (308 bytes) @ 0x0000000005cb3054 [0x0000000005cb02c0+0x0000000000002d94]
J 1895 c1 org.eclipse.osgi.internal.loader.classpath.ClasspathManager.findLocalClassImpl(Ljava/lang/String;[Lorg/eclipse/osgi/internal/loader/classpath/ClasspathEntry;Ljava/util/List;)Ljava/lang/Class; (55 bytes) @ 0x0000000005d3c5cc [0x0000000005d3c440+0x000000000000018c]
J 1656 c1 org.eclipse.osgi.internal.loader.classpath.ClasspathManager.findLocalClassImpl(Ljava/lang/String;Ljava/util/List;)Ljava/lang/Class; (132 bytes) @ 0x0000000005caf334 [0x0000000005caee40+0x00000000000004f4]
J 1751 c1 org.eclipse.osgi.internal.loader.classpath.ClasspathManager.findLocalClass(Ljava/lang/String;)Ljava/lang/Class; (210 bytes) @ 0x0000000005cec014 [0x0000000005ceb3a0+0x0000000000000c74]
J 1646 c1 org.eclipse.osgi.internal.loader.BundleLoader.findLocalClass(Ljava/lang/String;)Ljava/lang/Class; (152 bytes) @ 0x0000000005ca1f54 [0x0000000005ca1720+0x0000000000000834]
J 1622 c1 org.eclipse.osgi.internal.loader.BundleLoader.findClass0(Ljava/lang/String;ZZ)Ljava/lang/Class; (466 bytes) @ 0x0000000005c9053c [0x0000000005c8dea0+0x000000000000269c]
J 1576 c1 org.eclipse.osgi.internal.loader.BundleLoader.findClass(Ljava/lang/String;)Ljava/lang/Class; (8 bytes) @ 0x0000000005c7da9c [0x0000000005c7da20+0x000000000000007c]
J 1578 c1 org.eclipse.osgi.internal.loader.ModuleClassLoader.loadClass(Ljava/lang/String;Z)Ljava/lang/Class; (36 bytes) @ 0x0000000005c7ed3c [0x0000000005c7eb20+0x000000000000021c]
J 1867 c2 java.lang.ClassLoader.loadClass(Ljava/lang/String;)Ljava/lang/Class; java.base@17.0.3 (7 bytes) @ 0x000000000cf880b0 [0x000000000cf88080+0x0000000000000030]
v  ~StubRoutines::call_stub
J 1046  java.lang.ClassLoader.defineClass1(Ljava/lang/ClassLoader;Ljava/lang/String;[BIILjava/security/ProtectionDomain;Ljava/lang/String;)Ljava/lang/Class; java.base@17.0.3 (0 bytes) @ 0x000000000cf3a6db [0x000000000cf3a620+0x00000000000000bb]
J 1615 c1 java.lang.ClassLoader.defineClass(Ljava/lang/String;[BIILjava/security/ProtectionDomain;)Ljava/lang/Class; java.base@17.0.3 (43 bytes) @ 0x0000000005c8be4c [0x0000000005c8bb00+0x000000000000034c]
J 1688 c1 org.eclipse.osgi.internal.loader.ModuleClassLoader.defineClass(Ljava/lang/String;[BLorg/eclipse/osgi/internal/loader/classpath/ClasspathEntry;)Lorg/eclipse/osgi/internal/loader/ModuleClassLoader$DefineClassResult; (138 bytes) @ 0x0000000005cc6a2c [0x0000000005cc67c0+0x000000000000026c]
J 1903 c1 org.eclipse.osgi.internal.loader.classpath.ClasspathManager.defineClass(Ljava/lang/String;[BLorg/eclipse/osgi/internal/loader/classpath/ClasspathEntry;Lorg/eclipse/osgi/storage/bundlefile/BundleEntry;Ljava/util/List;)Ljava/lang/Class; (636 bytes) @ 0x0000000005d4175c [0x0000000005d3fde0+0x000000000000197c]
J 1657 c1 org.eclipse.osgi.internal.loader.classpath.ClasspathManager.findClassImpl(Ljava/lang/String;Lorg/eclipse/osgi/internal/loader/classpath/ClasspathEntry;Ljava/util/List;)Ljava/lang/Class; (308 bytes) @ 0x0000000005cb3054 [0x0000000005cb02c0+0x0000000000002d94]
J 1895 c1 org.eclipse.osgi.internal.loader.classpath.ClasspathManager.findLocalClassImpl(Ljava/lang/String;[Lorg/eclipse/osgi/internal/loader/classpath/ClasspathEntry;Ljava/util/List;)Ljava/lang/Class; (55 bytes) @ 0x0000000005d3c5cc [0x0000000005d3c440+0x000000000000018c]
J 1656 c1 org.eclipse.osgi.internal.loader.classpath.ClasspathManager.findLocalClassImpl(Ljava/lang/String;Ljava/util/List;)Ljava/lang/Class; (132 bytes) @ 0x0000000005caf334 [0x0000000005caee40+0x00000000000004f4]
J 1751 c1 org.eclipse.osgi.internal.loader.classpath.ClasspathManager.findLocalClass(Ljava/lang/String;)Ljava/lang/Class; (210 bytes) @ 0x0000000005cec014 [0x0000000005ceb3a0+0x0000000000000c74]
J 1646 c1 org.eclipse.osgi.internal.loader.BundleLoader.findLocalClass(Ljava/lang/String;)Ljava/lang/Class; (152 bytes) @ 0x0000000005ca1f54 [0x0000000005ca1720+0x0000000000000834]
J 1622 c1 org.eclipse.osgi.internal.loader.BundleLoader.findClass0(Ljava/lang/String;ZZ)Ljava/lang/Class; (466 bytes) @ 0x0000000005c9053c [0x0000000005c8dea0+0x000000000000269c]
J 1576 c1 org.eclipse.osgi.internal.loader.BundleLoader.findClass(Ljava/lang/String;)Ljava/lang/Class; (8 bytes) @ 0x0000000005c7da9c [0x0000000005c7da20+0x000000000000007c]
J 1578 c1 org.eclipse.osgi.internal.loader.ModuleClassLoader.loadClass(Ljava/lang/String;Z)Ljava/lang/Class; (36 bytes) @ 0x0000000005c7ed3c [0x0000000005c7eb20+0x000000000000021c]
J 1867 c2 java.lang.ClassLoader.loadClass(Ljava/lang/String;)Ljava/lang/Class; java.base@17.0.3 (7 bytes) @ 0x000000000cf880b0 [0x000000000cf88080+0x0000000000000030]
v  ~StubRoutines::call_stub
j  org.eclipse.jdt.internal.core.JavaModelManager.<init>()V+5
j  org.eclipse.jdt.internal.core.JavaModelManager.<clinit>()V+87
v  ~StubRoutines::call_stub
j  org.eclipse.jdt.core.JavaCore.start(Lorg/osgi/framework/BundleContext;)V+6
j  org.eclipse.osgi.internal.framework.BundleContextImpl$2.run()Ljava/lang/Void;+23
j  org.eclipse.osgi.internal.framework.BundleContextImpl$2.run()Ljava/lang/Object;+1
J 1190 c1 java.security.AccessController.executePrivileged(Ljava/security/PrivilegedExceptionAction;Ljava/security/AccessControlContext;Ljava/lang/Class;)Ljava/lang/Object; java.base@17.0.3 (65 bytes) @ 0x0000000005bb6234 [0x0000000005bb60e0+0x0000000000000154]
j  java.security.AccessController.doPrivileged(Ljava/security/PrivilegedExceptionAction;)Ljava/lang/Object;+9 java.base@17.0.3
j  org.eclipse.osgi.internal.framework.BundleContextImpl.startActivator(Lorg/osgi/framework/BundleActivator;)V+9
j  org.eclipse.osgi.internal.framework.BundleContextImpl.start()V+134
j  org.eclipse.osgi.internal.framework.EquinoxBundle.startWorker0()V+35
j  org.eclipse.osgi.internal.framework.EquinoxBundle$EquinoxModule.startWorker()V+4
j  org.eclipse.osgi.container.Module.doStart([Lorg/eclipse/osgi/container/Module$StartOptions;)Lorg/eclipse/osgi/container/ModuleContainerAdaptor$ModuleEvent;+190
J 2033 c1 org.eclipse.osgi.container.Module.start([Lorg/eclipse/osgi/container/Module$StartOptions;)V (655 bytes) @ 0x0000000005d8928c [0x0000000005d86ee0+0x00000000000023ac]
j  org.eclipse.osgi.framework.util.SecureAction.start(Lorg/eclipse/osgi/container/Module;[Lorg/eclipse/osgi/container/Module$StartOptions;)V+8
J 1649 c1 org.eclipse.osgi.internal.hooks.EclipseLazyStarter.postFindLocalClass(Ljava/lang/String;Ljava/lang/Class;Lorg/eclipse/osgi/internal/loader/classpath/ClasspathManager;)V (394 bytes) @ 0x0000000005ca66fc [0x0000000005ca57e0+0x0000000000000f1c]
J 1751 c1 org.eclipse.osgi.internal.loader.classpath.ClasspathManager.findLocalClass(Ljava/lang/String;)Ljava/lang/Class; (210 bytes) @ 0x0000000005cec324 [0x0000000005ceb3a0+0x0000000000000f84]
J 1646 c1 org.eclipse.osgi.internal.loader.BundleLoader.findLocalClass(Ljava/lang/String;)Ljava/lang/Class; (152 bytes) @ 0x0000000005ca1f54 [0x0000000005ca1720+0x0000000000000834]
J 1892 c1 org.eclipse.osgi.internal.loader.sources.SingleSourcePackage.loadClass(Ljava/lang/String;)Ljava/lang/Class; (9 bytes) @ 0x0000000005d39b3c [0x0000000005d39a40+0x00000000000000fc]
J 1622 c1 org.eclipse.osgi.internal.loader.BundleLoader.findClass0(Ljava/lang/String;ZZ)Ljava/lang/Class; (466 bytes) @ 0x0000000005c9044c [0x0000000005c8dea0+0x00000000000025ac]
J 1576 c1 org.eclipse.osgi.internal.loader.BundleLoader.findClass(Ljava/lang/String;)Ljava/lang/Class; (8 bytes) @ 0x0000000005c7da9c [0x0000000005c7da20+0x000000000000007c]
J 1578 c1 org.eclipse.osgi.internal.loader.ModuleClassLoader.loadClass(Ljava/lang/String;Z)Ljava/lang/Class; (36 bytes) @ 0x0000000005c7ed3c [0x0000000005c7eb20+0x000000000000021c]
J 1867 c2 java.lang.ClassLoader.loadClass(Ljava/lang/String;)Ljava/lang/Class; java.base@17.0.3 (7 bytes) @ 0x000000000cf880b0 [0x000000000cf88080+0x0000000000000030]
v  ~StubRoutines::call_stub
j  java.lang.Class.getDeclaredConstructors0(Z)[Ljava/lang/reflect/Constructor;+0 java.base@17.0.3
j  java.lang.Class.privateGetDeclaredConstructors(Z)[Ljava/lang/reflect/Constructor;+52 java.base@17.0.3
j  java.lang.Class.getConstructor0([Ljava/lang/Class;I)Ljava/lang/reflect/Constructor;+14 java.base@17.0.3
j  java.lang.Class.getConstructor([Ljava/lang/Class;)Ljava/lang/reflect/Constructor;+24 java.base@17.0.3
j  org.eclipse.osgi.internal.framework.BundleContextImpl.loadBundleActivator()Lorg/osgi/framework/BundleActivator;+105
j  org.eclipse.osgi.internal.framework.BundleContextImpl.start()V+18
j  org.eclipse.osgi.internal.framework.EquinoxBundle.startWorker0()V+35
j  org.eclipse.osgi.internal.framework.EquinoxBundle$EquinoxModule.startWorker()V+4
j  org.eclipse.osgi.container.Module.doStart([Lorg/eclipse/osgi/container/Module$StartOptions;)Lorg/eclipse/osgi/container/ModuleContainerAdaptor$ModuleEvent;+190
j  org.eclipse.osgi.container.Module.start([Lorg/eclipse/osgi/container/Module$StartOptions;)V+460
j  org.eclipse.osgi.container.ModuleContainer$ContainerStartLevel$2.run()V+71
j  org.eclipse.osgi.internal.framework.EquinoxContainerAdaptor$1$1.execute(Ljava/lang/Runnable;)V+1
j  org.eclipse.osgi.container.ModuleContainer$ContainerStartLevel.incStartLevel(ILjava/util/List;Z)V+192
j  org.eclipse.osgi.container.ModuleContainer$ContainerStartLevel.incStartLevel(ILjava/util/List;Ljava/util/List;Ljava/util/List;Ljava/util/List;)V+19
j  org.eclipse.osgi.container.ModuleContainer$ContainerStartLevel.doContainerStartLevel(Lorg/eclipse/osgi/container/Module;I[Lorg/osgi/framework/FrameworkListener;)V+349
j  org.eclipse.osgi.container.ModuleContainer$ContainerStartLevel.dispatchEvent(Lorg/eclipse/osgi/container/Module;[Lorg/osgi/framework/FrameworkListener;ILjava/lang/Integer;)V+32
j  org.eclipse.osgi.container.ModuleContainer$ContainerStartLevel.dispatchEvent(Ljava/lang/Object;Ljava/lang/Object;ILjava/lang/Object;)V+15
j  org.eclipse.osgi.framework.eventmgr.EventManager.dispatchEvent(Ljava/util/Set;Lorg/eclipse/osgi/framework/eventmgr/EventDispatcher;ILjava/lang/Object;)V+48
j  org.eclipse.osgi.framework.eventmgr.EventManager$EventThread.run()V+26
v  ~StubRoutines::call_stub

---------------  P R O C E S S  ---------------

Threads class SMR info:
_java_thread_list=0x0000000059ee5f40, length=20, elements={
0x0000000000387a90, 0x0000000056cf92e0, 0x0000000056cfada0, 0x0000000056db4da0,
0x0000000056db5660, 0x0000000056db5f20, 0x0000000056db67e0, 0x0000000056db73d0,
0x0000000056db7cd0, 0x0000000056e22b30, 0x0000000056eff510, 0x000000005913da20,
0x0000000059ec03b0, 0x0000000059ffad80, 0x0000000059ff9170, 0x0000000059ff5880,
0x00000000593a6ac0, 0x0000000059069850, 0x0000000059a92e10, 0x0000000059b1f610
}

Java Threads: ( => current thread )
  0x0000000000387a90 JavaThread "main" [_thread_blocked, id=5784, stack(0x00000000022c0000,0x00000000023c0000)]
  0x0000000056cf92e0 JavaThread "Reference Handler" daemon [_thread_blocked, id=2248, stack(0x0000000058380000,0x0000000058480000)]
  0x0000000056cfada0 JavaThread "Finalizer" daemon [_thread_blocked, id=3552, stack(0x0000000058510000,0x0000000058610000)]
  0x0000000056db4da0 JavaThread "Signal Dispatcher" daemon [_thread_blocked, id=3660, stack(0x0000000058720000,0x0000000058820000)]
  0x0000000056db5660 JavaThread "Attach Listener" daemon [_thread_blocked, id=7228, stack(0x00000000589e0000,0x0000000058ae0000)]
  0x0000000056db5f20 JavaThread "Service Thread" daemon [_thread_blocked, id=5344, stack(0x00000000588e0000,0x00000000589e0000)]
  0x0000000056db67e0 JavaThread "Monitor Deflation Thread" daemon [_thread_blocked, id=5308, stack(0x0000000058c00000,0x0000000058d00000)]
  0x0000000056db73d0 JavaThread "C2 CompilerThread0" daemon [_thread_blocked, id=8060, stack(0x0000000058d20000,0x0000000058e20000)]
  0x0000000056db7cd0 JavaThread "C1 CompilerThread0" daemon [_thread_blocked, id=6476, stack(0x0000000058ed0000,0x0000000058fd0000)]
  0x0000000056e22b30 JavaThread "Sweeper thread" daemon [_thread_blocked, id=3936, stack(0x0000000058b00000,0x0000000058c00000)]
  0x0000000056eff510 JavaThread "Common-Cleaner" daemon [_thread_blocked, id=8108, stack(0x0000000059430000,0x0000000059530000)]
  0x000000005913da20 JavaThread "Notification Thread" daemon [_thread_blocked, id=7072, stack(0x00000000596d0000,0x00000000597d0000)]
  0x0000000059ec03b0 JavaThread "Active Thread: Equinox Container: a6c5b69c-b01b-4f89-98ac-f8e56cab24ef" [_thread_blocked, id=5740, stack(0x000000005ac20000,0x000000005ad20000)]
  0x0000000059ffad80 JavaThread "Framework Event Dispatcher: Equinox Container: a6c5b69c-b01b-4f89-98ac-f8e56cab24ef" daemon [_thread_blocked, id=5760, stack(0x000000005ad50000,0x000000005ae50000)]
=>0x0000000059ff9170 JavaThread "Start Level: Equinox Container: a6c5b69c-b01b-4f89-98ac-f8e56cab24ef" daemon [_thread_in_vm, id=4516, stack(0x000000005aed0000,0x000000005afd0000)]
  0x0000000059ff5880 JavaThread "SCR Component Actor" daemon [_thread_blocked, id=5608, stack(0x000000005a1d0000,0x000000005a2d0000)]
  0x00000000593a6ac0 JavaThread "Worker-JM" [_thread_blocked, id=7520, stack(0x000000005c2c0000,0x000000005c3c0000)]
  0x0000000059069850 JavaThread "Worker-0: Checking project encoding" [_thread_in_vm, id=3804, stack(0x000000005c150000,0x000000005c250000)]
  0x0000000059a92e10 JavaThread "SCR Component Registry" daemon [_thread_blocked, id=7720, stack(0x000000005ccd0000,0x000000005cdd0000)]
  0x0000000059b1f610 JavaThread "Worker-1" [_thread_blocked, id=4800, stack(0x000000005bfe0000,0x000000005c0e0000)]

Other Threads:
  0x0000000056d79250 VMThread "VM Thread" [stack: 0x00000000581e0000,0x00000000582e0000] [id=5728]
  0x000000005913a2b0 WatcherThread [stack: 0x0000000059890000,0x0000000059990000] [id=4084]
  0x00000000003a2980 GCTaskThread "GC Thread#0" [stack: 0x00000000146e0000,0x00000000147e0000] [id=5924]
  0x0000000059bf3ed0 GCTaskThread "GC Thread#1" [stack: 0x000000005a2f0000,0x000000005a3f0000] [id=3996]

Threads with active compile tasks:

VM state: not at safepoint (normal execution)

VM Mutex/Monitor currently owned by a thread:  ([mutex/lock_event])
[0x0000000000380640] Metaspace_lock - owner thread: 0x0000000059ff9170

Heap address: 0x00000000c0000000, size: 1024 MB, Compressed Oops mode: 32-bit

CDS archive(s) not mapped
Compressed class space mapped at: 0x0000000016c00000-0x0000000056c00000, reserved size: 1073741824
Narrow klass base: 0x0000000000000000, Narrow klass shift: 0, Narrow klass range: 0x56c00000

GC Precious Log:
 CPUs: 2 total, 2 available
 Memory: 3991M
 Large Page Support: Disabled
 NUMA Support: Disabled
 Compressed Oops: Enabled (32-bit)
 Alignments: Space 512K, Generation 512K, Heap 2M
 Heap Min Capacity: 100M
 Heap Initial Capacity: 100M
 Heap Max Capacity: 1G
 Pre-touch: Disabled
 Parallel Workers: 2

Heap:
 PSYoungGen      total 29696K, used 3063K [0x00000000eab00000, 0x00000000ecc00000, 0x0000000100000000)
  eden space 25600K, 11% used [0x00000000eab00000,0x00000000eadfdc08,0x00000000ec400000)
  from space 4096K, 0% used [0x00000000ec800000,0x00000000ec800000,0x00000000ecc00000)
  to   space 4096K, 0% used [0x00000000ec400000,0x00000000ec400000,0x00000000ec800000)
 ParOldGen       total 68608K, used 7134K [0x00000000c0000000, 0x00000000c4300000, 0x00000000eab00000)
  object space 68608K, 10% used [0x00000000c0000000,0x00000000c06f7a98,0x00000000c4300000)
 Metaspace       used 21604K, committed 22016K, reserved 1073152K
  class space    used 2186K, committed 2432K, reserved 1048576K

Card table byte_map: [0x0000000014420000,0x0000000014630000] _byte_map_base: 0x0000000013e20000

Marking Bits: (ParMarkBitMap*) 0x000007fec17f4b80
 Begin Bits: [0x0000000014940000, 0x0000000015940000)
 End Bits:   [0x0000000015940000, 0x0000000016940000)

Polling page: 0x0000000000140000

Metaspace:

Usage:
  Non-class:     18.96 MB used.
      Class:      2.14 MB used.
       Both:     21.10 MB used.

Virtual space:
  Non-class space:       24.00 MB reserved,      19.13 MB ( 80%) committed,  3 nodes.
      Class space:        1.00 GB reserved,       2.38 MB ( <1%) committed,  1 nodes.
             Both:        1.02 GB reserved,      21.50 MB (  2%) committed. 

Chunk freelists:
   Non-Class:  240.00 KB
       Class:  1.67 MB
        Both:  1.91 MB

MaxMetaspaceSize: unlimited
CompressedClassSpaceSize: 1.00 GB
Initial GC threshold: 21.00 MB
Current GC threshold: 35.00 MB
CDS: off
MetaspaceReclaimPolicy: balanced
 - commit_granule_bytes: 65536.
 - commit_granule_words: 8192.
 - virtual_space_node_default_size: 1048576.
 - enlarge_chunks_in_place: 1.
 - new_chunks_are_fully_committed: 0.
 - uncommit_free_chunks: 1.
 - use_allocation_guard: 0.
 - handle_deallocations: 1.


Internal statistics:

num_allocs_failed_limit: 3.
num_arena_births: 168.
num_arena_deaths: 14.
num_vsnodes_births: 4.
num_vsnodes_deaths: 0.
num_space_committed: 344.
num_space_uncommitted: 0.
num_chunks_returned_to_freelist: 17.
num_chunks_taken_from_freelist: 652.
num_chunk_merges: 7.
num_chunk_splits: 447.
num_chunks_enlarged: 329.
num_purges: 2.
num_inconsistent_stats: 0.

CodeHeap 'non-profiled nmethods': size=120064Kb used=781Kb max_used=781Kb free=119282Kb
 bounds [0x000000000cee0000, 0x000000000d150000, 0x0000000014420000]
CodeHeap 'profiled nmethods': size=120000Kb used=4219Kb max_used=4219Kb free=115780Kb
 bounds [0x00000000059b0000, 0x0000000005dd0000, 0x000000000cee0000]
CodeHeap 'non-nmethods': size=5696Kb used=1183Kb max_used=1198Kb free=4512Kb
 bounds [0x0000000005420000, 0x0000000005690000, 0x00000000059b0000]
 total_blobs=2631 nmethods=2148 adapters=398
 compilation: enabled
              stopped_count=0, restarted_count=0
 full_count=0

Compilation events (20 events):
Event: 18.263 Thread 0x0000000056db7cd0 nmethod 2144 0x0000000005dc7310 code [0x0000000005dc74c0, 0x0000000005dc7748]
Event: 18.265 Thread 0x0000000056db7cd0 2146       3       org.objectweb.asm.ClassVisitor::visitMethod (24 bytes)
Event: 18.265 Thread 0x0000000056db7cd0 nmethod 2146 0x0000000005dc7890 code [0x0000000005dc7a40, 0x0000000005dc7c68]
Event: 18.265 Thread 0x0000000056db7cd0 2147       3       org.objectweb.asm.MethodWriter::computeMethodInfoSize (571 bytes)
Event: 18.268 Thread 0x0000000056db7cd0 nmethod 2147 0x0000000005dc7d90 code [0x0000000005dc80c0, 0x0000000005dc9068]
Event: 18.269 Thread 0x0000000056db7cd0 2148       3       org.objectweb.asm.ByteVector::putByteArray (49 bytes)
Event: 18.269 Thread 0x0000000056db7cd0 nmethod 2148 0x0000000005dc9710 code [0x0000000005dc98c0, 0x0000000005dc9b98]
Event: 18.270 Thread 0x0000000056db7cd0 2149       3       org.objectweb.asm.MethodWriter::hasFrames (13 bytes)
Event: 18.270 Thread 0x0000000056db7cd0 nmethod 2149 0x0000000005dc9c90 code [0x0000000005dc9e20, 0x0000000005dc9f98]
Event: 18.270 Thread 0x0000000056db7cd0 2150       3       org.objectweb.asm.MethodWriter::putMethodInfo (1274 bytes)
Event: 18.271 Thread 0x0000000056db73d0 nmethod 2138 0x000000000cfa1e90 code [0x000000000cfa2040, 0x000000000cfa27f8]
Event: 18.280 Thread 0x0000000056db7cd0 nmethod 2150 0x0000000005dca010 code [0x0000000005dca6e0, 0x0000000005dccee8]
Event: 18.282 Thread 0x0000000056db73d0 2151       4       org.objectweb.asm.Symbol::<init> (38 bytes)
Event: 18.283 Thread 0x0000000056db7cd0 2152       3       org.objectweb.asm.MethodWriter::canCopyMethodAttributes (163 bytes)
Event: 18.284 Thread 0x0000000056db73d0 nmethod 2151 0x000000000cfa2d10 code [0x000000000cfa2e80, 0x000000000cfa2f18]
Event: 18.284 Thread 0x0000000056db7cd0 nmethod 2152 0x0000000005dce210 code [0x0000000005dce420, 0x0000000005dceab8]
Event: 18.305 Thread 0x0000000056db73d0 2153       4       java.util.ArrayList$SubList$1::hasNext (20 bytes)
Event: 18.312 Thread 0x0000000056db73d0 nmethod 2153 0x000000000cfa3010 code [0x000000000cfa3180, 0x000000000cfa3218]
Event: 18.343 Thread 0x0000000056db7cd0 2154       1       org.eclipse.core.internal.dtree.AbstractDataTreeNode::isDelta (2 bytes)
Event: 18.344 Thread 0x0000000056db7cd0 nmethod 2154 0x000000000cfa3310 code [0x000000000cfa34a0, 0x000000000cfa3578]

GC Heap History (10 events):
Event: 3.787 GC heap before
{Heap before GC invocations=1 (full 0):
 PSYoungGen      total 29696K, used 25600K [0x00000000eab00000, 0x00000000ecc00000, 0x0000000100000000)
  eden space 25600K, 100% used [0x00000000eab00000,0x00000000ec400000,0x00000000ec400000)
  from space 4096K, 0% used [0x00000000ec800000,0x00000000ec800000,0x00000000ecc00000)
  to   space 4096K, 0% used [0x00000000ec400000,0x00000000ec400000,0x00000000ec800000)
 ParOldGen       total 68608K, used 0K [0x00000000c0000000, 0x00000000c4300000, 0x00000000eab00000)
  object space 68608K, 0% used [0x00000000c0000000,0x00000000c0000000,0x00000000c4300000)
 Metaspace       used 10946K, committed 11072K, reserved 1064960K
  class space    used 1097K, committed 1152K, reserved 1048576K
}
Event: 3.853 GC heap after
{Heap after GC invocations=1 (full 0):
 PSYoungGen      total 29696K, used 3240K [0x00000000eab00000, 0x00000000ecc00000, 0x0000000100000000)
  eden space 25600K, 0% used [0x00000000eab00000,0x00000000eab00000,0x00000000ec400000)
  from space 4096K, 79% used [0x00000000ec400000,0x00000000ec72a190,0x00000000ec800000)
  to   space 4096K, 0% used [0x00000000ec800000,0x00000000ec800000,0x00000000ecc00000)
 ParOldGen       total 68608K, used 0K [0x00000000c0000000, 0x00000000c4300000, 0x00000000eab00000)
  object space 68608K, 0% used [0x00000000c0000000,0x00000000c0000000,0x00000000c4300000)
 Metaspace       used 10946K, committed 11072K, reserved 1064960K
  class space    used 1097K, committed 1152K, reserved 1048576K
}
Event: 8.515 GC heap before
{Heap before GC invocations=2 (full 0):
 PSYoungGen      total 29696K, used 28840K [0x00000000eab00000, 0x00000000ecc00000, 0x0000000100000000)
  eden space 25600K, 100% used [0x00000000eab00000,0x00000000ec400000,0x00000000ec400000)
  from space 4096K, 79% used [0x00000000ec400000,0x00000000ec72a190,0x00000000ec800000)
  to   space 4096K, 0% used [0x00000000ec800000,0x00000000ec800000,0x00000000ecc00000)
 ParOldGen       total 68608K, used 0K [0x00000000c0000000, 0x00000000c4300000, 0x00000000eab00000)
  object space 68608K, 0% used [0x00000000c0000000,0x00000000c0000000,0x00000000c4300000)
 Metaspace       used 15284K, committed 15488K, reserved 1064960K
  class space    used 1563K, committed 1664K, reserved 1048576K
}
Event: 8.546 GC heap after
{Heap after GC invocations=2 (full 0):
 PSYoungGen      total 29696K, used 4071K [0x00000000eab00000, 0x00000000ecc00000, 0x0000000100000000)
  eden space 25600K, 0% used [0x00000000eab00000,0x00000000eab00000,0x00000000ec400000)
  from space 4096K, 99% used [0x00000000ec800000,0x00000000ecbf9e78,0x00000000ecc00000)
  to   space 4096K, 0% used [0x00000000ec400000,0x00000000ec400000,0x00000000ec800000)
 ParOldGen       total 68608K, used 694K [0x00000000c0000000, 0x00000000c4300000, 0x00000000eab00000)
  object space 68608K, 1% used [0x00000000c0000000,0x00000000c00ad820,0x00000000c4300000)
 Metaspace       used 15284K, committed 15488K, reserved 1064960K
  class space    used 1563K, committed 1664K, reserved 1048576K
}
Event: 17.512 GC heap before
{Heap before GC invocations=3 (full 0):
 PSYoungGen      total 29696K, used 29671K [0x00000000eab00000, 0x00000000ecc00000, 0x0000000100000000)
  eden space 25600K, 100% used [0x00000000eab00000,0x00000000ec400000,0x00000000ec400000)
  from space 4096K, 99% used [0x00000000ec800000,0x00000000ecbf9e78,0x00000000ecc00000)
  to   space 4096K, 0% used [0x00000000ec400000,0x00000000ec400000,0x00000000ec800000)
 ParOldGen       total 68608K, used 694K [0x00000000c0000000, 0x00000000c4300000, 0x00000000eab00000)
  object space 68608K, 1% used [0x00000000c0000000,0x00000000c00ad820,0x00000000c4300000)
 Metaspace       used 20328K, committed 20736K, reserved 1073152K
  class space    used 2065K, committed 2304K, reserved 1048576K
}
Event: 17.554 GC heap after
{Heap after GC invocations=3 (full 0):
 PSYoungGen      total 29696K, used 4086K [0x00000000eab00000, 0x00000000ecc00000, 0x0000000100000000)
  eden space 25600K, 0% used [0x00000000eab00000,0x00000000eab00000,0x00000000ec400000)
  from space 4096K, 99% used [0x00000000ec400000,0x00000000ec7fdbe8,0x00000000ec800000)
  to   space 4096K, 0% used [0x00000000ec800000,0x00000000ec800000,0x00000000ecc00000)
 ParOldGen       total 68608K, used 2710K [0x00000000c0000000, 0x00000000c4300000, 0x00000000eab00000)
  object space 68608K, 3% used [0x00000000c0000000,0x00000000c02a5868,0x00000000c4300000)
 Metaspace       used 20328K, committed 20736K, reserved 1073152K
  class space    used 2065K, committed 2304K, reserved 1048576K
}
Event: 17.977 GC heap before
{Heap before GC invocations=4 (full 0):
 PSYoungGen      total 29696K, used 9297K [0x00000000eab00000, 0x00000000ecc00000, 0x0000000100000000)
  eden space 25600K, 20% used [0x00000000eab00000,0x00000000eb016bf8,0x00000000ec400000)
  from space 4096K, 99% used [0x00000000ec400000,0x00000000ec7fdbe8,0x00000000ec800000)
  to   space 4096K, 0% used [0x00000000ec800000,0x00000000ec800000,0x00000000ecc00000)
 ParOldGen       total 68608K, used 2710K [0x00000000c0000000, 0x00000000c4300000, 0x00000000eab00000)
  object space 68608K, 3% used [0x00000000c0000000,0x00000000c02a5868,0x00000000c4300000)
 Metaspace       used 21101K, committed 21504K, reserved 1073152K
  class space    used 2146K, committed 2368K, reserved 1048576K
}
Event: 17.993 GC heap after
{Heap after GC invocations=4 (full 0):
 PSYoungGen      total 29696K, used 4089K [0x00000000eab00000, 0x00000000ecc00000, 0x0000000100000000)
  eden space 25600K, 0% used [0x00000000eab00000,0x00000000eab00000,0x00000000ec400000)
  from space 4096K, 99% used [0x00000000ec800000,0x00000000ecbfe6a0,0x00000000ecc00000)
  to   space 4096K, 0% used [0x00000000ec400000,0x00000000ec400000,0x00000000ec800000)
 ParOldGen       total 68608K, used 3160K [0x00000000c0000000, 0x00000000c4300000, 0x00000000eab00000)
  object space 68608K, 4% used [0x00000000c0000000,0x00000000c0316388,0x00000000c4300000)
 Metaspace       used 21101K, committed 21504K, reserved 1073152K
  class space    used 2146K, committed 2368K, reserved 1048576K
}
Event: 17.993 GC heap before
{Heap before GC invocations=5 (full 1):
 PSYoungGen      total 29696K, used 4089K [0x00000000eab00000, 0x00000000ecc00000, 0x0000000100000000)
  eden space 25600K, 0% used [0x00000000eab00000,0x00000000eab00000,0x00000000ec400000)
  from space 4096K, 99% used [0x00000000ec800000,0x00000000ecbfe6a0,0x00000000ecc00000)
  to   space 4096K, 0% used [0x00000000ec400000,0x00000000ec400000,0x00000000ec800000)
 ParOldGen       total 68608K, used 3160K [0x00000000c0000000, 0x00000000c4300000, 0x00000000eab00000)
  object space 68608K, 4% used [0x00000000c0000000,0x00000000c0316388,0x00000000c4300000)
 Metaspace       used 21101K, committed 21504K, reserved 1073152K
  class space    used 2146K, committed 2368K, reserved 1048576K
}
Event: 18.080 GC heap after
{Heap after GC invocations=5 (full 1):
 PSYoungGen      total 29696K, used 0K [0x00000000eab00000, 0x00000000ecc00000, 0x0000000100000000)
  eden space 25600K, 0% used [0x00000000eab00000,0x00000000eab00000,0x00000000ec400000)
  from space 4096K, 0% used [0x00000000ec800000,0x00000000ec800000,0x00000000ecc00000)
  to   space 4096K, 0% used [0x00000000ec400000,0x00000000ec400000,0x00000000ec800000)
 ParOldGen       total 68608K, used 7134K [0x00000000c0000000, 0x00000000c4300000, 0x00000000eab00000)
  object space 68608K, 10% used [0x00000000c0000000,0x00000000c06f7a98,0x00000000c4300000)
 Metaspace       used 21088K, committed 21504K, reserved 1073152K
  class space    used 2142K, committed 2368K, reserved 1048576K
}

Deoptimization events (20 events):
Event: 16.132 Thread 0x0000000059ff9170 DEOPT PACKING pc=0x000000000cf7faac sp=0x000000005afc9860
Event: 16.132 Thread 0x0000000059ff9170 DEOPT UNPACKING pc=0x000000000547209e sp=0x000000005afc97d8 mode 2
Event: 16.148 Thread 0x0000000059ff9170 Uncommon trap: trap_request=0xffffffc6 fr.pc=0x000000000cf7faac relative=0x000000000000198c
Event: 16.148 Thread 0x0000000059ff9170 Uncommon trap: reason=bimorphic_or_optimized_type_check action=maybe_recompile pc=0x000000000cf7faac method=java.io.DataInputStream.readUnsignedShort()I @ 4 c2
Event: 16.148 Thread 0x0000000059ff9170 DEOPT PACKING pc=0x000000000cf7faac sp=0x000000005afc9520
Event: 16.148 Thread 0x0000000059ff9170 DEOPT UNPACKING pc=0x000000000547209e sp=0x000000005afc9498 mode 2
Event: 16.148 Thread 0x0000000059ff9170 Uncommon trap: trap_request=0xffffffc6 fr.pc=0x000000000cf7faac relative=0x000000000000198c
Event: 16.148 Thread 0x0000000059ff9170 Uncommon trap: reason=bimorphic_or_optimized_type_check action=maybe_recompile pc=0x000000000cf7faac method=java.io.DataInputStream.readUnsignedShort()I @ 4 c2
Event: 16.148 Thread 0x0000000059ff9170 DEOPT PACKING pc=0x000000000cf7faac sp=0x000000005afc9460
Event: 16.148 Thread 0x0000000059ff9170 DEOPT UNPACKING pc=0x000000000547209e sp=0x000000005afc93d8 mode 2
Event: 16.149 Thread 0x0000000059ff9170 Uncommon trap: trap_request=0xffffffc6 fr.pc=0x000000000cf7faac relative=0x000000000000198c
Event: 16.149 Thread 0x0000000059ff9170 Uncommon trap: reason=bimorphic_or_optimized_type_check action=maybe_recompile pc=0x000000000cf7faac method=java.io.DataInputStream.readUnsignedShort()I @ 4 c2
Event: 16.149 Thread 0x0000000059ff9170 DEOPT PACKING pc=0x000000000cf7faac sp=0x000000005afc93b0
Event: 16.149 Thread 0x0000000059ff9170 DEOPT UNPACKING pc=0x000000000547209e sp=0x000000005afc9328 mode 2
Event: 17.163 Thread 0x0000000059ff9170 DEOPT PACKING pc=0x0000000005d4ffd5 sp=0x000000005afc7870
Event: 17.163 Thread 0x0000000059ff9170 DEOPT UNPACKING pc=0x0000000005472825 sp=0x000000005afc6cb8 mode 0
Event: 17.284 Thread 0x0000000059ff9170 Uncommon trap: trap_request=0xffffff45 fr.pc=0x000000000cf5b4c0 relative=0x0000000000000040
Event: 17.284 Thread 0x0000000059ff9170 Uncommon trap: reason=unstable_if action=reinterpret pc=0x000000000cf5b4c0 method=sun.nio.fs.WindowsPathParser.isSlash(C)Z @ 9 c2
Event: 17.284 Thread 0x0000000059ff9170 DEOPT PACKING pc=0x000000000cf5b4c0 sp=0x000000005afc9240
Event: 17.284 Thread 0x0000000059ff9170 DEOPT UNPACKING pc=0x000000000547209e sp=0x000000005afc91c8 mode 2

Classes unloaded (7 events):
Event: 18.006 Thread 0x0000000056d79250 Unloading class 0x0000000016e10800 'java/lang/invoke/LambdaForm$MH+0x0000000016e10800'
Event: 18.006 Thread 0x0000000056d79250 Unloading class 0x0000000016e10400 'java/lang/invoke/LambdaForm$MH+0x0000000016e10400'
Event: 18.006 Thread 0x0000000056d79250 Unloading class 0x0000000016e10000 'java/lang/invoke/LambdaForm$MH+0x0000000016e10000'
Event: 18.006 Thread 0x0000000056d79250 Unloading class 0x0000000016e0fc00 'java/lang/invoke/LambdaForm$MH+0x0000000016e0fc00'
Event: 18.006 Thread 0x0000000056d79250 Unloading class 0x0000000016e0f400 'java/lang/invoke/LambdaForm$BMH+0x0000000016e0f400'
Event: 18.006 Thread 0x0000000056d79250 Unloading class 0x0000000016e0f000 'java/lang/invoke/LambdaForm$DMH+0x0000000016e0f000'
Event: 18.006 Thread 0x0000000056d79250 Unloading class 0x0000000016e0c400 'java/lang/invoke/LambdaForm$DMH+0x0000000016e0c400'

Classes redefined (0 events):
No events

Internal exceptions (20 events):
Event: 3.713 Thread 0x0000000000387a90 Exception <a 'java/lang/NoSuchMethodError'{0x00000000ec326f78}: 'void java.lang.invoke.DirectMethodHandle$Holder.invokeSpecial(java.lang.Object, java.lang.Object, java.lang.Object)'> (0x00000000ec326f78) 
thrown [e:\jenkins\tmp\workspace\build\src\src\hotspot\share\interpreter\linkResolver.cpp, line 766]
Event: 5.309 Thread 0x0000000000387a90 Exception <a 'java/lang/NoSuchMethodError'{0x00000000eb607688}: 'java.lang.Object java.lang.invoke.DirectMethodHandle$Holder.newInvokeSpecial(java.lang.Object, int, java.lang.Object)'> (0x00000000eb607688) 
thrown [e:\jenkins\tmp\workspace\build\src\src\hotspot\share\interpreter\linkResolver.cpp, line 766]
Event: 5.760 Thread 0x0000000000387a90 Exception <a 'java/lang/UnsatisfiedLinkError'{0x00000000ebb2ad58}: 'void org.eclipse.equinox.launcher.JNIBridge._update_splash()'> (0x00000000ebb2ad58) 
thrown [e:\jenkins\tmp\workspace\build\src\src\hotspot\share\prims\nativeLookup.cpp, line 543]
Event: 6.801 Thread 0x0000000059ff9170 Exception <a 'java/lang/NoSuchMethodError'{0x00000000ebde0f00}: 'java.lang.Object java.lang.invoke.DirectMethodHandle$Holder.invokeStaticInit(java.lang.Object)'> (0x00000000ebde0f00) 
thrown [e:\jenkins\tmp\workspace\build\src\src\hotspot\share\interpreter\linkResolver.cpp, line 766]
Event: 9.479 Thread 0x0000000059ff9170 Exception <a 'java/io/FileNotFoundException'{0x00000000eb09ceb0}> (0x00000000eb09ceb0) 
thrown [e:\jenkins\tmp\workspace\build\src\src\hotspot\share\prims\jni.cpp, line 516]
Event: 9.653 Thread 0x0000000059ff9170 Exception <a 'java/lang/NullPointerException'{0x00000000eb0ee458}> (0x00000000eb0ee458) 
thrown [e:\jenkins\tmp\workspace\build\src\src\hotspot\share\interpreter\linkResolver.cpp, line 1357]
Event: 9.653 Thread 0x0000000059ff9170 Exception <a 'java/lang/NullPointerException'{0x00000000eb0eec80}> (0x00000000eb0eec80) 
thrown [e:\jenkins\tmp\workspace\build\src\src\hotspot\share\interpreter\linkResolver.cpp, line 1357]
Event: 10.949 Thread 0x0000000059ff9170 Exception <a 'java/lang/NoSuchMethodError'{0x00000000eb8663a8}: 'void java.lang.invoke.DirectMethodHandle$Holder.invokeInterface(java.lang.Object, java.lang.Object, java.lang.Object)'> (0x00000000eb8663a8) 
thrown [e:\jenkins\tmp\workspace\build\src\src\hotspot\share\interpreter\linkResolver.cpp, line 766]
Event: 11.412 Thread 0x0000000059ff9170 Exception <a 'java/lang/NoSuchMethodError'{0x00000000ebb5c3e0}: 'java.lang.Object java.lang.invoke.Invokers$Holder.invokeExact_MT(java.lang.Object, java.lang.Object, java.lang.Object, java.lang.Object, java.lang.Object, java.lang.Object)'> (0x00000000ebb5c3e0) 
thrown [e:\jenkins\tmp\workspace\build\src\src\hotspot\share\interpreter\linkResolver.cpp, line 766]
Event: 11.888 Thread 0x0000000059ff9170 Exception <a 'java/lang/NoSuchMethodError'{0x00000000ebc3ecf0}: 'java.lang.Object java.lang.invoke.DirectMethodHandle$Holder.invokeStatic(java.lang.Object, java.lang.Object, int)'> (0x00000000ebc3ecf0) 
thrown [e:\jenkins\tmp\workspace\build\src\src\hotspot\share\interpreter\linkResolver.cpp, line 766]
Event: 11.889 Thread 0x0000000059ff9170 Exception <a 'java/lang/NoSuchMethodError'{0x00000000ebc6e5c8}: 'void java.lang.invoke.DirectMethodHandle$Holder.invokeStatic(java.lang.Object, java.lang.Object, int, java.lang.Object)'> (0x00000000ebc6e5c8) 
thrown [e:\jenkins\tmp\workspace\build\src\src\hotspot\share\interpreter\linkResolver.cpp, line 766]
Event: 11.898 Thread 0x0000000059ff9170 Exception <a 'java/lang/NoSuchMethodError'{0x00000000ebc75cf8}: 'void java.lang.invoke.DelegatingMethodHandle$Holder.delegate(java.lang.Object, java.lang.Object, int, java.lang.Object)'> (0x00000000ebc75cf8) 
thrown [e:\jenkins\tmp\workspace\build\src\src\hotspot\share\interpreter\linkResolver.cpp, line 766]
Event: 11.904 Thread 0x0000000059ff9170 Exception <a 'java/lang/NoSuchMethodError'{0x00000000ebc7a0e0}: 'int java.lang.invoke.DirectMethodHandle$Holder.invokeSpecial(java.lang.Object, java.lang.Object, java.lang.Object)'> (0x00000000ebc7a0e0) 
thrown [e:\jenkins\tmp\workspace\build\src\src\hotspot\share\interpreter\linkResolver.cpp, line 766]
Event: 11.911 Thread 0x0000000059ff9170 Exception <a 'java/lang/NoSuchMethodError'{0x00000000ebc8a6d0}: 'int java.lang.invoke.DirectMethodHandle$Holder.invokeStatic(java.lang.Object, java.lang.Object, int)'> (0x00000000ebc8a6d0) 
thrown [e:\jenkins\tmp\workspace\build\src\src\hotspot\share\interpreter\linkResolver.cpp, line 766]
Event: 11.915 Thread 0x0000000059ff9170 Exception <a 'java/lang/NoSuchMethodError'{0x00000000ebc8e6f8}: 'int java.lang.invoke.DirectMethodHandle$Holder.invokeSpecial(java.lang.Object, java.lang.Object, java.lang.Object, int)'> (0x00000000ebc8e6f8) 
thrown [e:\jenkins\tmp\workspace\build\src\src\hotspot\share\interpreter\linkResolver.cpp, line 766]
Event: 11.926 Thread 0x0000000059ff9170 Exception <a 'java/lang/NoSuchMethodError'{0x00000000ebca93b8}: 'java.lang.Object java.lang.invoke.DirectMethodHandle$Holder.invokeStatic(java.lang.Object, java.lang.Object, java.lang.Object, java.lang.Object, int)'> (0x00000000ebca93b8) 
thrown [e:\jenkins\tmp\workspace\build\src\src\hotspot\share\interpreter\linkResolver.cpp, line 766]
Event: 11.940 Thread 0x0000000059ff9170 Exception <a 'java/lang/NoSuchMethodError'{0x00000000ebcb53b0}: 'java.lang.Object java.lang.invoke.DelegatingMethodHandle$Holder.reinvoke_L(java.lang.Object, java.lang.Object, java.lang.Object, java.lang.Object, int, int)'> (0x00000000ebcb53b0) 
thrown [e:\jenkins\tmp\workspace\build\src\src\hotspot\share\interpreter\linkResolver.cpp, line 766]
Event: 11.951 Thread 0x0000000059ff9170 Exception <a 'java/lang/NoSuchMethodError'{0x00000000ebccd098}: 'java.lang.Object java.lang.invoke.Invokers$Holder.invokeExact_MT(java.lang.Object, java.lang.Object, java.lang.Object, java.lang.Object)'> (0x00000000ebccd098) 
thrown [e:\jenkins\tmp\workspace\build\src\src\hotspot\share\interpreter\linkResolver.cpp, line 766]
Event: 17.775 Thread 0x0000000059ff9170 Exception <a 'java/lang/NoSuchMethodError'{0x00000000eac3ca70}: 'int java.lang.invoke.DirectMethodHandle$Holder.invokeStaticInit(java.lang.Object, java.lang.Object, java.lang.Object)'> (0x00000000eac3ca70) 
thrown [e:\jenkins\tmp\workspace\build\src\src\hotspot\share\interpreter\linkResolver.cpp, line 766]
Event: 17.794 Thread 0x0000000059ff9170 Exception <a 'java/lang/IncompatibleClassChangeError'{0x00000000eacd3fe8}: Found class java.lang.Object, but interface was expected> (0x00000000eacd3fe8) 
thrown [e:\jenkins\tmp\workspace\build\src\src\hotspot\share\interpreter\linkResolver.cpp, line 833]

VM Operations (20 events):
Event: 10.715 Executing VM operation: HandshakeAllThreads
Event: 10.715 Executing VM operation: HandshakeAllThreads done
Event: 10.751 Executing VM operation: HandshakeAllThreads
Event: 10.751 Executing VM operation: HandshakeAllThreads done
Event: 11.490 Executing VM operation: HandshakeAllThreads
Event: 11.871 Executing VM operation: HandshakeAllThreads done
Event: 11.871 Executing VM operation: Cleanup
Event: 11.875 Executing VM operation: Cleanup done
Event: 13.876 Executing VM operation: Cleanup
Event: 13.876 Executing VM operation: Cleanup done
Event: 15.876 Executing VM operation: Cleanup
Event: 15.876 Executing VM operation: Cleanup done
Event: 16.876 Executing VM operation: Cleanup
Event: 16.876 Executing VM operation: Cleanup done
Event: 17.497 Executing VM operation: ParallelGCFailedAllocation
Event: 17.554 Executing VM operation: ParallelGCFailedAllocation done
Event: 17.865 Executing VM operation: HandshakeAllThreads
Event: 17.873 Executing VM operation: HandshakeAllThreads done
Event: 17.977 Executing VM operation: CollectForMetadataAllocation
Event: 18.086 Executing VM operation: CollectForMetadataAllocation done

Events (20 events):
Event: 17.936 loading class java/nio/channels/AsynchronousChannel done
Event: 17.936 loading class java/nio/channels/AsynchronousByteChannel done
Event: 18.181 loading class java/util/zip/GZIPOutputStream
Event: 18.181 loading class java/util/zip/DeflaterOutputStream
Event: 18.182 loading class java/util/zip/DeflaterOutputStream done
Event: 18.182 loading class java/util/zip/GZIPOutputStream done
Event: 18.300 loading class java/io/StringReader
Event: 18.301 loading class java/io/StringReader done
Event: 18.320 loading class java/util/zip/GZIPInputStream
Event: 18.320 loading class java/util/zip/GZIPInputStream done
Event: 18.328 loading class java/net/SocketTimeoutException
Event: 18.328 loading class java/io/InterruptedIOException
Event: 18.328 loading class java/io/InterruptedIOException done
Event: 18.328 loading class java/net/SocketTimeoutException done
Event: 18.328 loading class java/net/SocketException
Event: 18.328 loading class java/net/SocketException done
Event: 18.328 loading class java/net/UnknownHostException
Event: 18.329 loading class java/net/UnknownHostException done
Event: 18.329 loading class java/net/ProtocolException
Event: 18.329 loading class java/net/ProtocolException done


Dynamic libraries:
0x000000013f130000 - 0x000000013f13e000 	c:\Users\USUARIO\.vscode\extensions\redhat.java-1.9.0-win32-x64\jre\17.0.3-win32-x86_64\bin\java.exe
0x0000000077220000 - 0x00000000773c9000 	C:\Windows\SYSTEM32\ntdll.dll
0x0000000077100000 - 0x000000007721f000 	C:\Windows\system32\kernel32.dll
0x000007fefd220000 - 0x000007fefd28b000 	C:\Windows\system32\KERNELBASE.dll
0x000007fedaf10000 - 0x000007fedaf28000 	c:\Users\USUARIO\.vscode\extensions\redhat.java-1.9.0-win32-x64\jre\17.0.3-win32-x86_64\bin\jli.dll
0x000007fefbc40000 - 0x000007fefbe34000 	C:\Windows\WinSxS\amd64_microsoft.windows.common-controls_6595b64144ccf1df_6.0.7601.17514_none_fa396087175ac9ac\COMCTL32.dll
0x000007fefe810000 - 0x000007fefe8af000 	C:\Windows\system32\msvcrt.dll
0x000007fefece0000 - 0x000007fefed47000 	C:\Windows\system32\GDI32.dll
0x0000000077000000 - 0x00000000770fa000 	C:\Windows\system32\USER32.dll
0x000007feff480000 - 0x000007feff48e000 	C:\Windows\system32\LPK.dll
0x000007feff290000 - 0x000007feff359000 	C:\Windows\system32\USP10.dll
0x000007fefe790000 - 0x000007fefe801000 	C:\Windows\system32\SHLWAPI.dll
0x000007fedaef0000 - 0x000007fedaf09000 	c:\Users\USUARIO\.vscode\extensions\redhat.java-1.9.0-win32-x64\jre\17.0.3-win32-x86_64\bin\VCRUNTIME140.dll
0x000007fefb370000 - 0x000007fefb374000 	c:\Users\USUARIO\.vscode\extensions\redhat.java-1.9.0-win32-x64\jre\17.0.3-win32-x86_64\bin\api-ms-win-crt-runtime-l1-1-0.dll
0x000007fec18c0000 - 0x000007fec19ba000 	c:\Users\USUARIO\.vscode\extensions\redhat.java-1.9.0-win32-x64\jre\17.0.3-win32-x86_64\bin\ucrtbase.DLL
0x000007fefaa90000 - 0x000007fefaa93000 	c:\Users\USUARIO\.vscode\extensions\redhat.java-1.9.0-win32-x64\jre\17.0.3-win32-x86_64\bin\api-ms-win-core-localization-l1-2-0.dll
0x000007fedb8a0000 - 0x000007fedb8a3000 	c:\Users\USUARIO\.vscode\extensions\redhat.java-1.9.0-win32-x64\jre\17.0.3-win32-x86_64\bin\api-ms-win-core-processthreads-l1-1-1.dll
0x000007fedb190000 - 0x000007fedb193000 	c:\Users\USUARIO\.vscode\extensions\redhat.java-1.9.0-win32-x64\jre\17.0.3-win32-x86_64\bin\api-ms-win-core-file-l1-2-0.dll
0x000007fedada0000 - 0x000007fedada3000 	c:\Users\USUARIO\.vscode\extensions\redhat.java-1.9.0-win32-x64\jre\17.0.3-win32-x86_64\bin\api-ms-win-core-timezone-l1-1-0.dll
0x000007fedad90000 - 0x000007fedad93000 	c:\Users\USUARIO\.vscode\extensions\redhat.java-1.9.0-win32-x64\jre\17.0.3-win32-x86_64\bin\api-ms-win-core-file-l2-1-0.dll
0x000007fedad80000 - 0x000007fedad83000 	c:\Users\USUARIO\.vscode\extensions\redhat.java-1.9.0-win32-x64\jre\17.0.3-win32-x86_64\bin\api-ms-win-core-synch-l1-2-0.dll
0x000007fedad70000 - 0x000007fedad73000 	c:\Users\USUARIO\.vscode\extensions\redhat.java-1.9.0-win32-x64\jre\17.0.3-win32-x86_64\bin\api-ms-win-crt-heap-l1-1-0.dll
0x000007fedad60000 - 0x000007fedad64000 	c:\Users\USUARIO\.vscode\extensions\redhat.java-1.9.0-win32-x64\jre\17.0.3-win32-x86_64\bin\api-ms-win-crt-string-l1-1-0.dll
0x000007fedad50000 - 0x000007fedad54000 	c:\Users\USUARIO\.vscode\extensions\redhat.java-1.9.0-win32-x64\jre\17.0.3-win32-x86_64\bin\api-ms-win-crt-stdio-l1-1-0.dll
0x000007fedad40000 - 0x000007fedad44000 	c:\Users\USUARIO\.vscode\extensions\redhat.java-1.9.0-win32-x64\jre\17.0.3-win32-x86_64\bin\api-ms-win-crt-convert-l1-1-0.dll
0x000007fedad30000 - 0x000007fedad33000 	c:\Users\USUARIO\.vscode\extensions\redhat.java-1.9.0-win32-x64\jre\17.0.3-win32-x86_64\bin\api-ms-win-crt-environment-l1-1-0.dll
0x000007fedad20000 - 0x000007fedad23000 	c:\Users\USUARIO\.vscode\extensions\redhat.java-1.9.0-win32-x64\jre\17.0.3-win32-x86_64\bin\api-ms-win-crt-filesystem-l1-1-0.dll
0x000007feda740000 - 0x000007feda745000 	c:\Users\USUARIO\.vscode\extensions\redhat.java-1.9.0-win32-x64\jre\17.0.3-win32-x86_64\bin\api-ms-win-crt-math-l1-1-0.dll
0x000007feda730000 - 0x000007feda733000 	c:\Users\USUARIO\.vscode\extensions\redhat.java-1.9.0-win32-x64\jre\17.0.3-win32-x86_64\bin\api-ms-win-crt-locale-l1-1-0.dll
0x000007fefed50000 - 0x000007fefed7e000 	C:\Windows\system32\IMM32.DLL
0x000007fefed90000 - 0x000007fefee99000 	C:\Windows\system32\MSCTF.dll
0x000007feda720000 - 0x000007feda72c000 	c:\Users\USUARIO\.vscode\extensions\redhat.java-1.9.0-win32-x64\jre\17.0.3-win32-x86_64\bin\vcruntime140_1.dll
0x000007fed3a70000 - 0x000007fed3b01000 	c:\Users\USUARIO\.vscode\extensions\redhat.java-1.9.0-win32-x64\jre\17.0.3-win32-x86_64\bin\msvcp140.dll
0x000007feda710000 - 0x000007feda713000 	c:\Users\USUARIO\.vscode\extensions\redhat.java-1.9.0-win32-x64\jre\17.0.3-win32-x86_64\bin\api-ms-win-crt-time-l1-1-0.dll
0x000007feda700000 - 0x000007feda703000 	c:\Users\USUARIO\.vscode\extensions\redhat.java-1.9.0-win32-x64\jre\17.0.3-win32-x86_64\bin\api-ms-win-crt-utility-l1-1-0.dll
0x000007fec0c70000 - 0x000007fec18b8000 	c:\Users\USUARIO\.vscode\extensions\redhat.java-1.9.0-win32-x64\jre\17.0.3-win32-x86_64\bin\server\jvm.dll
0x000007fefe6b0000 - 0x000007fefe78b000 	C:\Windows\system32\ADVAPI32.dll
0x000007feff360000 - 0x000007feff37f000 	C:\Windows\SYSTEM32\sechost.dll
0x000007fefd540000 - 0x000007fefd66d000 	C:\Windows\system32\RPCRT4.dll
0x000007fef5e90000 - 0x000007fef5e99000 	C:\Windows\system32\WSOCK32.dll
0x000007fefe660000 - 0x000007fefe6ad000 	C:\Windows\system32\WS2_32.dll
0x000007fefed80000 - 0x000007fefed88000 	C:\Windows\system32\NSI.dll
0x000007fef6240000 - 0x000007fef627b000 	C:\Windows\system32\WINMM.dll
0x000007fefc2d0000 - 0x000007fefc2dc000 	C:\Windows\system32\VERSION.dll
0x00000000773f0000 - 0x00000000773f7000 	C:\Windows\system32\PSAPI.DLL
0x000007feda6f0000 - 0x000007feda6fa000 	c:\Users\USUARIO\.vscode\extensions\redhat.java-1.9.0-win32-x64\jre\17.0.3-win32-x86_64\bin\jimage.dll
0x000007fee6da0000 - 0x000007fee6ec5000 	C:\Windows\system32\DBGHELP.DLL
0x000007fefab20000 - 0x000007fefab2e000 	c:\Users\USUARIO\.vscode\extensions\redhat.java-1.9.0-win32-x64\jre\17.0.3-win32-x86_64\bin\instrument.dll
0x000007feda090000 - 0x000007feda0b5000 	c:\Users\USUARIO\.vscode\extensions\redhat.java-1.9.0-win32-x64\jre\17.0.3-win32-x86_64\bin\java.dll
0x000007fed3430000 - 0x000007fed3448000 	c:\Users\USUARIO\.vscode\extensions\redhat.java-1.9.0-win32-x64\jre\17.0.3-win32-x86_64\bin\zip.dll
0x000007fefd670000 - 0x000007fefe3f8000 	C:\Windows\system32\SHELL32.dll
0x000007feff080000 - 0x000007feff283000 	C:\Windows\system32\ole32.dll
0x000007fefd170000 - 0x000007fefd17f000 	C:\Windows\system32\profapi.dll
0x000007fed3410000 - 0x000007fed3429000 	C:\Users\USUARIO\.vscode\extensions\redhat.java-1.9.0-win32-x64\jre\17.0.3-win32-x86_64\bin\net.dll
0x000007fef6c20000 - 0x000007fef6c91000 	C:\Windows\system32\WINHTTP.dll
0x000007fef6bb0000 - 0x000007fef6c14000 	C:\Windows\system32\webio.dll
0x000007fefc9a0000 - 0x000007fefc9f5000 	C:\Windows\system32\mswsock.dll
0x000007fefc990000 - 0x000007fefc997000 	C:\Windows\System32\wship6.dll
0x000007fed33f0000 - 0x000007fed3405000 	C:\Users\USUARIO\.vscode\extensions\redhat.java-1.9.0-win32-x64\jre\17.0.3-win32-x86_64\bin\nio.dll
0x000007feda6d0000 - 0x000007feda6e0000 	c:\Users\USUARIO\.vscode\extensions\redhat.java-1.9.0-win32-x64\jre\17.0.3-win32-x86_64\bin\verify.dll
0x000007fedaff0000 - 0x000007fedb02e000 	C:\Users\USUARIO\AppData\Roaming\Code\User\globalStorage\redhat.java\1.9.0\config_ss_win\org.eclipse.equinox.launcher\org.eclipse.equinox.launcher.win32.win32.x86_64_1.2.500.v20220509-0833\eclipse_11700.dll

dbghelp: loaded successfully - version: 4.0.5 - missing functions: none
symbol engine: initialized successfully - sym options: 0x614 - pdb path: .;c:\Users\USUARIO\.vscode\extensions\redhat.java-1.9.0-win32-x64\jre\17.0.3-win32-x86_64\bin;C:\Windows\SYSTEM32;C:\Windows\WinSxS\amd64_microsoft.windows.common-controls_6595b64144ccf1df_6.0.7601.17514_none_fa396087175ac9ac;c:\Users\USUARIO\.vscode\extensions\redhat.java-1.9.0-win32-x64\jre\17.0.3-win32-x86_64\bin\server;C:\Users\USUARIO\AppData\Roaming\Code\User\globalStorage\redhat.java\1.9.0\config_ss_win\org.eclipse.equinox.launcher\org.eclipse.equinox.launcher.win32.win32.x86_64_1.2.500.v20220509-0833

VM Arguments:
jvm_args: --add-modules=ALL-SYSTEM --add-opens=java.base/java.util=ALL-UNNAMED --add-opens=java.base/java.lang=ALL-UNNAMED --add-opens=java.base/sun.nio.fs=ALL-UNNAMED -Declipse.application=org.eclipse.jdt.ls.core.id1 -Dosgi.bundles.defaultStartLevel=4 -Declipse.product=org.eclipse.jdt.ls.core.product -Djava.import.generatesMetadataFilesAtProjectRoot=false -Dfile.encoding=utf8 -DwatchParentProcess=false -XX:+UseParallelGC -XX:GCTimeRatio=4 -XX:AdaptiveSizePolicyWeight=90 -Dsun.zip.disableMemoryMapping=true -Xmx1G -Xms100m -javaagent:c:\Users\USUARIO\.vscode\extensions\redhat.java-1.9.0-win32-x64\lombok\lombok-1.18.24.jar 
java_command: c:\Users\USUARIO\.vscode\extensions\redhat.java-1.9.0-win32-x64\server\plugins\org.eclipse.equinox.launcher_1.6.400.v20210924-0641.jar -configuration c:\Users\USUARIO\AppData\Roaming\Code\User\globalStorage\redhat.java\1.9.0\config_ss_win -data c:\Users\USUARIO\AppData\Roaming\Code\User\workspaceStorage\07e7bec05c3792c544ec8319d8bb8f7f\redhat.java\ss_ws
java_class_path (initial): c:\Users\USUARIO\.vscode\extensions\redhat.java-1.9.0-win32-x64\server\plugins\org.eclipse.equinox.launcher_1.6.400.v20210924-0641.jar
Launcher Type: SUN_STANDARD

[Global flags]
    uintx AdaptiveSizePolicyWeight                 = 90                                        {product} {command line}
     intx CICompilerCount                          = 2                                         {product} {ergonomic}
    uintx GCTimeRatio                              = 4                                         {product} {command line}
   size_t InitialHeapSize                          = 104857600                                 {product} {command line}
   size_t MaxHeapSize                              = 1073741824                                {product} {command line}
   size_t MaxNewSize                               = 357564416                                 {product} {ergonomic}
   size_t MinHeapDeltaBytes                        = 524288                                    {product} {ergonomic}
   size_t MinHeapSize                              = 104857600                                 {product} {command line}
   size_t NewSize                                  = 34603008                                  {product} {ergonomic}
    uintx NonNMethodCodeHeapSize                   = 5826188                                {pd product} {ergonomic}
    uintx NonProfiledCodeHeapSize                  = 122916026                              {pd product} {ergonomic}
   size_t OldSize                                  = 70254592                                  {product} {ergonomic}
    uintx ProfiledCodeHeapSize                     = 122916026                              {pd product} {ergonomic}
    uintx ReservedCodeCacheSize                    = 251658240                              {pd product} {ergonomic}
     bool SegmentedCodeCache                       = true                                      {product} {ergonomic}
   size_t SoftMaxHeapSize                          = 1073741824                             {manageable} {ergonomic}
     bool UseCompressedClassPointers               = true                           {product lp64_product} {ergonomic}
     bool UseCompressedOops                        = true                           {product lp64_product} {ergonomic}
     bool UseLargePagesIndividualAllocation        = false                                  {pd product} {ergonomic}
     bool UseParallelGC                            = true                                      {product} {command line}

Logging:
Log output configuration:
 #0: stdout all=warning uptime,level,tags
 #1: stderr all=off uptime,level,tags

Environment Variables:
JAVA_HOME=C:\Program Files\Java\jdk1.8.0_221
PATH=C:\Program Files (x86)\Common Files\Oracle\Java\javapath;C:\Windows\system32;C:\Windows;C:\Windows\System32\Wbem;C:\Windows\System32\WindowsPowerShell\v1.0\;C:\Program Files\Java\jdk1.8.0_221\bin;C:\Program Files\Microsoft SQL Server\Client SDK\ODBC\110\Tools\Binn\;C:\Program Files (x86)\Microsoft SQL Server\120\Tools\Binn\;C:\Program Files\Microsoft SQL Server\120\Tools\Binn\;C:\Program Files\Microsoft SQL Server\120\DTS\Binn\;C:\Program Files (x86)\Microsoft SQL Server\120\Tools\Binn\ManagementStudio\;C:\Program Files (x86)\Microsoft SQL Server\120\DTS\Binn\;C:\src\apache-maven-3.8.5\bin;C:\Program Files\nodejs\;;C:\Users\USUARIO\AppData\Local\Programs\Microsoft VS Code\bin;C:\Users\USUARIO\AppData\Roaming\npm
USERNAME=USUARIO
OS=Windows_NT
PROCESSOR_IDENTIFIER=Intel64 Family 6 Model 55 Stepping 8, GenuineIntel



---------------  S Y S T E M  ---------------

OS:
 Windows 7 , 64 bit Build 7601 (6.1.7601.17514)
OS uptime: 0 days 1:30 hours

CPU: total 2 (initial active 2) (2 cores per cpu, 1 threads per core) family 6 model 55 stepping 8 microcode 0x0, cx8, cmov, fxsr, mmx, 3dnowpref, sse, sse2, sse3, ssse3, sse4.1, sse4.2, popcnt, tsc, tscinvbit, erms, clmul, clflush

Memory: 4k page, system-wide physical 3991M (394M free)
TotalPageFile size 7936M (AvailPageFile size 7M)
current process WorkingSet (physical memory assigned to process): 105M, peak: 105M
current process commit charge ("private bytes"): 200M, peak: 200M

vm_info: OpenJDK 64-Bit Server VM (17.0.3+7) for windows-amd64 JRE (17.0.3+7), built on Apr 19 2022 16:55:35 by "" with MS VC++ 16.7 (VS2019)

END.
